Started by user [8mha:////4CMaUPQxOfaBOaOfKohYnRHLhfH7O1Ua8Mwz9KXiWpvQAAAAlB+LCAAAAAAAAP9b85aBtbiIQTGjNKU4P08vOT+vOD8nVc83PyU1x6OyILUoJzMv2y+/JJUBAhiZGBgqihhk0NSjKDWzXb3RdlLBUSYGJk8GtpzUvPSSDB8G5tKinBIGIZ+sxLJE/ZzEvHT94JKizLx0a6BxUmjGOUNodHsLgAymEgYO/dLi1CL9smwApW/hfL0AAAA=[0mvk
[Sun Sep 08 13:28:17 UTC 2024] Starting branch indexing...
 > git --version # timeout=10
 > git --version # 'git version 2.34.1'
 > git ls-remote --symref -- https://github.com/vijkes/FullStack-Blogging-App.git # timeout=10
 > git rev-parse --resolve-git-dir /var/lib/jenkins/caches/git-bc971eb95d109cc2fa6ad1bd63591c32/.git # timeout=10
Setting origin to https://github.com/vijkes/FullStack-Blogging-App.git
 > git config remote.origin.url https://github.com/vijkes/FullStack-Blogging-App.git # timeout=10
Fetching & pruning origin...
Listing remote references...
 > git config --get remote.origin.url # timeout=10
 > git --version # timeout=10
 > git --version # 'git version 2.34.1'
 > git ls-remote -h -- https://github.com/vijkes/FullStack-Blogging-App.git # timeout=10
Fetching upstream changes from origin
 > git config --get remote.origin.url # timeout=10
 > git fetch --tags --force --progress --prune -- origin +refs/heads/*:refs/remotes/origin/* # timeout=10
Checking branches...
  Checking branch feature2
      ‘Jenkinsfile’ found
    Met criteria
Scheduled build for branch: feature2
  Checking branch feature1
      ‘Jenkinsfile’ found
    Met criteria
Scheduled build for branch: feature1
  Checking branch develop
      ‘Jenkinsfile’ not found
    Does not meet criteria
  Checking branch main
      ‘Jenkinsfile’ found
    Met criteria
Scheduled build for branch: main
  Checking branch dev
      ‘Jenkinsfile’ found
    Met criteria
Scheduled build for branch: dev
Processed 5 branches
[Sun Sep 08 13:28:17 UTC 2024] Finished branch indexing. Indexing took 0.57 sec
Finished: SUCCESS
